<?xml version="1.0" encoding="UTF-8"?>
<!-- Generated by org.testng.reporters.JUnitXMLReporter -->
<testsuite ignored="0" hostname="4R-PC" failures="0" tests="1" name="Test" time="0.17" errors="0" timestamp="2025-04-02T21:41:46 IST">
  <testcase classname="genericScripts.BasePage" name="@BeforeClass configureBrowser" time="-1.743610306818E9">
    <failure type="org.testng.TestNGException" message="
Parameter &amp;apos;Browser&amp;apos; is required by BeforeClass on method configureBrowser but has not been marked @Optional or defined
in C:\Users\Admin\eclipse-workspace\OrangeHRM\testcase1.xml">
      <![CDATA[org.testng.TestNGException: 
Parameter 'Browser' is required by BeforeClass on method configureBrowser but has not been marked @Optional or defined
in C:\Users\Admin\eclipse-workspace\OrangeHRM\testcase1.xml
at java.base/java.util.ArrayList.forEach(ArrayList.java:1596)
... Removed 22 stack frames]]>
    </failure>
  </testcase> <!-- @BeforeClass configureBrowser -->
  <testcase classname="genericScripts.BasePage" name="@BeforeMethod LaunchApplication" time="0.0">
    <skipped/>
  </testcase> <!-- @BeforeMethod LaunchApplication -->
  <testcase classname="TestCases.Testcase1" name="AddEmployee" time="0.0">
    <skipped/>
  </testcase> <!-- AddEmployee -->
</testsuite> <!-- Test -->
